2025-09-27 14:34:10,958 INFO run units=metric cities=['Seattle', 'Tokyo']
2025-09-27 14:34:11,572 INFO Seattle: 22.80°C, Humidity 52%
2025-09-27 14:34:11,585 INFO Tokyo: 24.24°C, Humidity 63%
2025-09-27 14:34:11,907 INFO run units=imperial cities=['New York', 'London']
2025-09-27 14:34:12,491 INFO New York: 74.89°F, Humidity 64%
2025-09-27 14:34:12,509 INFO London: 53.13°F, Humidity 82%
2025-09-27 14:34:12,820 INFO run units=metric cities=[]
2025-09-27 14:34:18,425 INFO Sao Paulo: 18.27°C, Humidity 68%
2025-09-27 14:35:15,731 INFO run units=imperial cities=['New York', 'London']
2025-09-27 14:35:16,233 INFO New York: 75.24°F, Humidity 63%
2025-09-27 14:35:16,251 INFO London: 53.26°F, Humidity 79%
2025-09-27 14:38:06,004 INFO run units=imperial cities=['New York', 'London', 'Sao Paulo', 'Beijing']
2025-09-27 14:38:06,502 INFO New York: 76.41°F, Humidity 64%
2025-09-27 14:38:06,513 INFO London: 53.26°F, Humidity 79%
2025-09-27 14:38:06,530 INFO Sao Paulo: 64.89°F, Humidity 68%
2025-09-27 14:38:06,549 INFO Beijing: 63.46°F, Humidity 77%
2025-09-27 15:00:57,495 INFO run units=imperial timeout=10 retries=3 backoff=0.5 cities=[]
2025-09-27 15:03:13,841 INFO New York: 74.59°F, Humidity 64%
2025-09-27 15:03:15,959 INFO run units=imperial timeout=10 retries=3 backoff=0.5 cities=['New York', 'London']
2025-09-27 15:03:16,449 INFO New York: 74.59°F, Humidity 64%
2025-09-27 15:03:16,465 INFO London: 52.99°F, Humidity 80%
2025-09-27 15:04:06,910 INFO run units=imperial timeout=10 retries=3 backoff=0.5 cities=['New York', 'London']
2025-09-27 15:04:07,437 INFO New York: 74.59°F, Humidity 64%
2025-09-27 15:04:07,452 INFO London: 52.99°F, Humidity 80%
2025-09-27 15:04:12,280 INFO run units=imperial timeout=10 retries=3 backoff=0.5 cities=['New York', 'London']
2025-09-27 15:04:12,761 INFO New York: 74.59°F, Humidity 64%
2025-09-27 15:04:12,773 INFO London: 52.99°F, Humidity 80%
2025-09-27 15:04:13,074 INFO run units=metric timeout=10 retries=3 backoff=0.5 cities=['Seattle', 'Tokyo']
2025-09-27 15:04:13,579 INFO Seattle: 23.20°C, Humidity 45%
2025-09-27 15:04:13,593 INFO Tokyo: 24.64°C, Humidity 62%
2025-09-27 15:04:13,968 INFO run units=imperial timeout=5 retries=5 backoff=1.0 cities=['Sao Paulo']
2025-09-27 15:04:14,457 INFO Sao Paulo: 64.87°F, Humidity 78%
2025-09-27 15:04:14,922 INFO run units=imperial timeout=10 retries=3 backoff=0.5 cities=[]
2025-09-27 20:10:57,327 INFO run units=imperial timeout=10 retries=3 backoff=0.5 cities=['New York', 'London']
2025-09-27 20:10:57,863 INFO {'ok': True, 'city': 'New York', 'units': 'imperial', 'temp': 68, 'feels_like': 68.49, 'humidity': 85, 'conditions': 'overcast clouds'}
2025-09-27 20:10:57,880 INFO {'ok': True, 'city': 'London', 'units': 'imperial', 'temp': 53.01, 'feels_like': 52.05, 'humidity': 86, 'conditions': 'broken clouds'}
2025-09-27 20:11:14,601 INFO run units=metric timeout=10 retries=3 backoff=0.5 cities=['Seattle', 'Tokyo']
2025-09-27 20:11:15,086 INFO Seattle: 17.35°C, Humidity 71%
2025-09-27 20:11:15,113 INFO Tokyo: 27.59°C, Humidity 49%
2025-09-28 10:00:21,654 INFO run units=metric timeout=10 retries=3 backoff=0.5 cities=['Seattle', 'Tokyo']
2025-09-28 10:00:22,592 INFO Seattle: 15.13°C, Humidity 79%
2025-09-28 10:00:22,645 INFO Tokyo: 24.77°C, Humidity 72%
2025-09-28 10:03:44,150 INFO run units=metric timeout=10 retries=3 backoff=0.5 cities=['Seattle', 'Tokyo', 'Venice']
2025-09-28 10:03:45,087 INFO Seattle: 15.13°C, Humidity 79%
2025-09-28 10:03:45,121 INFO Tokyo: 24.77°C, Humidity 72%
2025-09-28 10:03:45,171 INFO Venice: 31.28°C, Humidity 62%
2025-09-28 10:11:06,575 INFO run units=imperial timeout=10 retries=3 backoff=0.5 cities=['Seattle', 'Tokyo', 'Venice']
2025-09-28 10:11:07,834 INFO Seattle: 58.87°F, Humidity 86%
2025-09-28 10:11:07,880 INFO Tokyo: 76.59°F, Humidity 72%
2025-09-28 10:11:07,929 INFO Venice: 88.30°F, Humidity 62%
2025-09-28 10:14:20,012 INFO run units=imperial timeout=10 retries=3 backoff=0.5 cities=['Seattle', 'Tokyo', 'Venice']
2025-09-28 10:14:21,514 INFO Seattle: 58.87°F, Humidity 86%
2025-09-28 10:14:21,548 INFO Tokyo: 76.59°F, Humidity 72%
2025-09-28 10:14:21,585 INFO Venice: 88.30°F, Humidity 62%
2025-09-28 10:19:55,877 INFO run units=imperial timeout=10 retries=3 backoff=0.5 cities=['New York', 'London']
2025-09-28 10:19:56,848 INFO New York: 80.29°F, Humidity 64%
2025-09-28 10:19:56,889 INFO London: 60.08°F, Humidity 87%
2025-09-28 10:19:56,914 INFO skip duplicate row 2025-09-28 London
2025-09-28 10:19:57,640 INFO run units=imperial timeout=10 retries=3 backoff=0.5 cities=['New York', 'London']
2025-09-28 10:19:58,581 INFO New York: 80.29°F, Humidity 64%
2025-09-28 10:19:58,598 INFO skip duplicate row 2025-09-28 New York
2025-09-28 10:19:58,621 INFO London: 60.08°F, Humidity 87%
2025-09-28 10:19:58,637 INFO skip duplicate row 2025-09-28 London
2025-09-28 19:07:33,214 INFO run units=imperial timeout=10 retries=3 backoff=0.5 cities=['New York', 'London']
2025-09-28 19:07:33,796 INFO {'ok': True, 'city': 'New York', 'units': 'imperial', 'temp': 68.72, 'feels_like': 69.19, 'humidity': 83, 'conditions': 'broken clouds'}
2025-09-28 19:07:33,796 INFO skip duplicate row 2025-09-28 New York
2025-09-28 19:07:33,814 INFO {'ok': True, 'city': 'London', 'units': 'imperial', 'temp': 46.2, 'feels_like': 46.2, 'humidity': 93, 'conditions': 'clear sky'}
2025-09-28 19:07:33,814 INFO skip duplicate row 2025-09-28 London
2025-09-28 19:07:34,131 INFO run units=metric timeout=10 retries=3 backoff=0.5 cities=['Seattle', 'Tokyo']
2025-09-28 19:07:34,627 INFO Seattle: 19.73°C, Humidity 68%
2025-09-28 19:07:34,644 INFO skip duplicate row 2025-09-28 Seattle
2025-09-28 19:07:34,671 INFO Tokyo: 28.23°C, Humidity 52%
2025-09-28 19:07:34,684 INFO skip duplicate row 2025-09-28 Tokyo
2025-09-28 19:07:34,962 INFO run units=metric timeout=10 retries=3 backoff=0.5 cities=['Seattle', 'Tokyo']
2025-09-28 19:07:35,462 INFO Seattle: 19.73°C, Humidity 68%
2025-09-28 19:07:35,477 INFO skip duplicate row 2025-09-28 Seattle
2025-09-28 19:07:35,490 INFO Tokyo: 28.23°C, Humidity 52%
2025-09-28 19:07:35,504 INFO skip duplicate row 2025-09-28 Tokyo
